<?xml version="1.0" encoding="UTF-8"?>
<!-- Generated by org.testng.reporters.JUnitReportReporter -->
<testsuite hostname="DESKTOP-0M11U9U" failures="0" tests="1" name="Seleniumframework.PaytmTestCase_Grouping" time="0.006" errors="0" timestamp="2021-05-03T20:14:40 IST" skipped="0">
  <testcase classname="Seleniumframework.PaytmTestCase_Grouping" name="paytmtestCase" time="0.006"/>
  <system-out/>
</testsuite> <!-- Seleniumframework.PaytmTestCase_Grouping -->
