<?xml version="1.0" encoding="UTF-8"?>
<!-- Generated by org.testng.reporters.JUnitReportReporter -->
<testsuite hostname="DESKTOP-0M11U9U" failures="0" tests="1" name="Seleniumframework.AmazonTestCase" time="0.006" errors="0" timestamp="2021-05-03T20:26:18 IST" skipped="0">
  <testcase classname="Seleniumframework.AmazonTestCase" name="Test2" time="0.006"/>
  <system-out/>
</testsuite> <!-- Seleniumframework.AmazonTestCase -->
