<?xml version="1.0" encoding="UTF-8"?>
<!-- Generated by org.testng.reporters.JUnitReportReporter -->
<testsuite hostname="DESKTOP-0M11U9U" failures="0" tests="3" name="Seleniumframework.RedbusTestCases" time="48.752" errors="0" timestamp="2021-05-03T20:07:01 IST" skipped="0">
  <testcase classname="Seleniumframework.RedbusTestCases" name="verifyUrl" time="0.015"/>
  <system-out/>
  <testcase classname="Seleniumframework.RedbusTestCases" name="verifyTheTitle" time="44.317"/>
  <system-out/>
  <testcase classname="Seleniumframework.RedbusTestCases" name="closeBrowser" time="4.420"/>
  <system-out/>
</testsuite> <!-- Seleniumframework.RedbusTestCases -->
